18.9901 	EXP 	Created window1 = Window(allowGUI=False, allowStencil=False, autoLog=True, bitsMode=UNKNOWN, blendMode='avg', color=array([ 0.,  0.,  0.]), colorSpace='rgb', fullscr=UNKNOWN, gamma=None, lms=UNKNOWN, monitor=<psychopy.monitors.calibTools.Monitor object at 0x111a4b3d0>, name='window1', pos=[0, 0], screen=0, size=array([1440,  900]), stereo=False, units=u'norm', useFBO=True, useRetina=False, viewOri=0.0, viewPos=None, viewScale=None, waitBlanking=True, winType='pyglet')
18.9903 	EXP 	window1: recordFrameIntervals = False
19.1603 	EXP 	window1: recordFrameIntervals = True
19.3441 	EXP 	window1: recordFrameIntervals = False
19.7456 	EXP 	Created beginning = TextStim(alignHoriz='center', alignVert='center', antialias=True, autoLog=True, bold=False, color='white', colorSpace='named', contrast=1.0, depth=0.0, flipHoriz=False, flipVert=False, font='Arial', fontFiles=[], height=0.1, italic=False, name='beginning', opacity=1.0, ori=0, pos=array([ 0.,  0.]), rgb=array([ 255.,  255.,  255.]), text=unicode(...), units=u'norm', win=Window(...), wrapWidth=1)
19.7531 	EXP 	Created sample_1 = TextStim(alignHoriz='center', alignVert='center', antialias=True, autoLog=True, bold=False, color='white', colorSpace='named', contrast=1.0, depth=-1.0, flipHoriz=False, flipVert=False, font='Arial', fontFiles=[], height=0.1, italic=False, name='sample_1', opacity=1.0, ori=0, pos=array([ 0.,  0.]), rgb=array([ 255.,  255.,  255.]), text=u'A cow is an animal.', units=u'norm', win=Window(...), wrapWidth=1)
19.9622 	EXP 	Created Yes = ImageStim(autoLog=True, color=array([ 1.,  1.,  1.]), colorSpace='rgb', contrast=1.0, depth=-2.0, flipHoriz=False, flipVert=False, image='Yes.jpg', interpolate=True, mask=None, maskParams=None, name='Yes', opacity=1.0, ori=0.0, pos=array([-0.11, -0.5 ]), size=array([ 0.2,  0.2]), texRes=128, units=u'norm', win=Window(...))
19.9691 	EXP 	Created No = ImageStim(autoLog=True, color=array([ 1.,  1.,  1.]), colorSpace='rgb', contrast=1.0, depth=-3.0, flipHoriz=False, flipVert=False, image='No.jpg', interpolate=True, mask=None, maskParams=None, name='No', opacity=1.0, ori=0.0, pos=array([ 0.1, -0.5]), size=array([ 0.2,  0.2]), texRes=128, units=u'norm', win=Window(...))
19.9984 	EXP 	Created unnamed ShapeStim = ShapeStim(autoDraw=False, autoLog=True, closeShape=True, contrast=1.0, depth=0, fillColor=None, fillColorSpace='rgb', interpolate=True, lineColor='white', lineColorSpace='named', lineWidth=1.5, name='unnamed ShapeStim', opacity=1.0, ori=array(0.0), pos=array([ 0.,  0.]), size=array([ 1.,  1.]), units=u'norm', vertices=ndarray(...), win=Window(...), windingRule=None)
20.0002 	EXP 	Created unnamed ShapeStim = ShapeStim(autoDraw=False, autoLog=True, closeShape=True, contrast=1.0, depth=0, fillColor=None, fillColorSpace='rgb', interpolate=True, lineColor='white', lineColorSpace='named', lineWidth=1.5, name='unnamed ShapeStim', opacity=1.0, ori=array(0.0), pos=array([ 0.,  0.]), size=array([ 1.,  1.]), units=u'norm', vertices=ndarray(...), win=Window(...), windingRule=None)
20.0319 	EXP 	Created practice_instructions = TextStim(alignHoriz='center', alignVert='center', antialias=True, autoLog=True, bold=False, color='white', colorSpace='named', contrast=1.0, depth=0.0, flipHoriz=False, flipVert=False, font='Arial', fontFiles=[], height=0.1, italic=False, name='practice_instructions', opacity=1.0, ori=0, pos=array([ 0.,  0.]), rgb=array([ 255.,  255.,  255.]), text=unicode(...), units=u'norm', win=Window(...), wrapWidth=1)
20.0998 	EXP 	Created text = TextStim(alignHoriz='center', alignVert='center', antialias=True, autoLog=True, bold=False, color='white', colorSpace='named', contrast=1.0, depth=0.0, flipHoriz=False, flipVert=False, font='Arial', fontFiles=[], height=0.1, italic=False, name='text', opacity=1.0, ori=0, pos=array([ 0.,  0.]), rgb=array([ 255.,  255.,  255.]), text=unicode(...), units=u'norm', win=Window(...), wrapWidth=1)
20.1064 	EXP 	Created text_2 = TextStim(alignHoriz='center', alignVert='center', antialias=True, autoLog=True, bold=False, color='white', colorSpace='named', contrast=1.0, depth=0.0, flipHoriz=False, flipVert=False, font='Arial', fontFiles=[], height=0.1, italic=False, name='text_2', opacity=1.0, ori=0, pos=array([ 0.,  0.]), rgb=array([ 255.,  255.,  255.]), text=u'Press the spacebar to begin.', units=u'norm', win=Window(...), wrapWidth=1)
20.1114 	EXP 	Created text_3 = TextStim(alignHoriz='center', alignVert='center', antialias=True, autoLog=True, bold=False, color='white', colorSpace='named', contrast=1.0, depth=0.0, flipHoriz=False, flipVert=False, font='Arial', fontFiles=[], height=0.1, italic=False, name='text_3', opacity=1.0, ori=0, pos=array([ 0.,  0.]), rgb=array([ 255.,  255.,  255.]), text=u'default text', units=u'norm', win=Window(...), wrapWidth=1)
20.1231 	EXP 	Created End = ImageStim(autoLog=True, color=array([ 1.,  1.,  1.]), colorSpace='rgb', contrast=1.0, depth=-2.0, flipHoriz=False, flipVert=False, image='End.jpg', interpolate=True, mask=None, maskParams=None, name='End', opacity=1.0, ori=0.0, pos=array([ 0.9, -0.5]), size=array([ 0.3,  0.3]), texRes=128, units=u'norm', win=Window(...))
20.1312 	EXP 	Created end = TextStim(alignHoriz='center', alignVert='center', antialias=True, autoLog=True, bold=False, color='white', colorSpace='named', contrast=1.0, depth=0.0, flipHoriz=False, flipVert=False, font='Arial', fontFiles=[], height=0.1, italic=False, name='end', opacity=1.0, ori=0, pos=array([ 0.,  0.]), rgb=array([ 255.,  255.,  255.]), text=u'The exam has now ended. Thank You', units=u'norm', win=Window(...), wrapWidth=1)
20.1439 	EXP 	beginning: autoDraw = True
25.1445 	EXP 	beginning: autoDraw = False
25.1611 	EXP 	sample_1: autoDraw = True
25.1611 	EXP 	Yes: autoDraw = True
25.1611 	EXP 	No: autoDraw = True
26.5791 	DATA 	Mouse: Left button down, pos=(795,224)
26.6112 	EXP 	beginning: autoDraw = False
26.6112 	EXP 	sample_1: autoDraw = False
26.6112 	EXP 	Yes: autoDraw = False
26.6112 	EXP 	No: autoDraw = False
26.6112 	EXP 	practice_instructions: autoDraw = True
26.7454 	DATA 	Mouse:  Left button up, pos=(793,226)
31.1703 	DATA 	Keypress: space
31.1776 	EXP 	practice_instructions: autoDraw = False
31.1776 	EXP 	text: autoDraw = True
36.1781 	EXP 	text: autoDraw = False
36.1781 	EXP 	text: autoDraw = False
36.1781 	EXP 	text_2: autoDraw = True
37.5834 	DATA 	Keypress: space
37.6344 	EXP 	Imported reading_fluency_data.xlsx as conditions, 98 conditions, 3 params
37.6378 	EXP 	Created sequence: sequential, trialTypes=98, nReps=98, seed=None
37.6396 	EXP 	New trial (rep=0, index=0): {u'answer': u'Y', u'input': None, u'sentence': u'A bird can fly.'}
37.6623 	EXP 	text_2: autoDraw = False
37.6623 	EXP 	beginning: autoDraw = True
37.6623 	EXP 	Yes: autoDraw = True
37.6623 	EXP 	No: autoDraw = True
37.6623 	EXP 	beginning: autoDraw = True
37.6623 	EXP 	Yes: autoDraw = True
37.6623 	EXP 	No: autoDraw = True
37.6623 	EXP 	beginning: autoDraw = True
37.6623 	EXP 	Yes: autoDraw = True
37.6623 	EXP 	No: autoDraw = True
37.6623 	EXP 	text_3: autoDraw = True
37.6623 	EXP 	End: autoDraw = True
39.1494 	DATA 	Mouse: Left button down, pos=(814,215)
39.2802 	DATA 	Mouse:  Left button up, pos=(814,215)
40.0140 	DATA 	Mouse: Left button down, pos=(625,233)
40.1469 	DATA 	Mouse:  Left button up, pos=(625,233)
40.3969 	DATA 	Mouse: Left button down, pos=(858,240)
40.5295 	DATA 	Mouse:  Left button up, pos=(858,240)
41.1654 	DATA 	Keypress: space
41.1842 	EXP 	New trial (rep=0, index=1): {u'answer': u'N', u'input': None, u'sentence': u'Cats have five legs.'}
41.2127 	EXP 	text_3: autoDraw = False
41.2127 	EXP 	End: autoDraw = False
41.2127 	EXP 	beginning: autoDraw = True
41.2127 	EXP 	Yes: autoDraw = True
41.2127 	EXP 	No: autoDraw = True
41.2127 	EXP 	beginning: autoDraw = True
41.2127 	EXP 	Yes: autoDraw = True
41.2127 	EXP 	No: autoDraw = True
41.2127 	EXP 	beginning: autoDraw = True
41.2127 	EXP 	Yes: autoDraw = True
41.2127 	EXP 	No: autoDraw = True
41.2127 	EXP 	text_3: autoDraw = True
41.2127 	EXP 	End: autoDraw = True
42.7319 	DATA 	Keypress: space
42.7342 	EXP 	New trial (rep=0, index=2): {u'answer': u'Y', u'input': None, u'sentence': u'Some people have long hair'}
42.7626 	EXP 	text_3: autoDraw = False
42.7626 	EXP 	End: autoDraw = False
42.7626 	EXP 	beginning: autoDraw = True
42.7626 	EXP 	Yes: autoDraw = True
42.7626 	EXP 	No: autoDraw = True
42.7626 	EXP 	beginning: autoDraw = True
42.7626 	EXP 	Yes: autoDraw = True
42.7626 	EXP 	No: autoDraw = True
42.7626 	EXP 	beginning: autoDraw = True
42.7626 	EXP 	Yes: autoDraw = True
42.7626 	EXP 	No: autoDraw = True
42.7626 	EXP 	text_3: autoDraw = True
42.7626 	EXP 	End: autoDraw = True
43.5318 	DATA 	Keypress: space
43.5351 	EXP 	New trial (rep=0, index=3): {u'answer': u'Y', u'input': None, u'sentence': u'People have teeth.'}
43.5630 	EXP 	text_3: autoDraw = False
43.5630 	EXP 	End: autoDraw = False
43.5630 	EXP 	beginning: autoDraw = True
43.5630 	EXP 	Yes: autoDraw = True
43.5630 	EXP 	No: autoDraw = True
43.5630 	EXP 	beginning: autoDraw = True
43.5630 	EXP 	Yes: autoDraw = True
43.5630 	EXP 	No: autoDraw = True
43.5630 	EXP 	beginning: autoDraw = True
43.5630 	EXP 	Yes: autoDraw = True
43.5630 	EXP 	No: autoDraw = True
43.5630 	EXP 	text_3: autoDraw = True
43.5630 	EXP 	End: autoDraw = True
44.3153 	DATA 	Keypress: space
44.3185 	EXP 	New trial (rep=0, index=4): {u'answer': u'N', u'input': None, u'sentence': u'The sky is always brown and yellow.'}
44.3456 	EXP 	text_3: autoDraw = False
44.3456 	EXP 	End: autoDraw = False
44.3456 	EXP 	beginning: autoDraw = True
44.3456 	EXP 	Yes: autoDraw = True
44.3456 	EXP 	No: autoDraw = True
44.3456 	EXP 	beginning: autoDraw = True
44.3456 	EXP 	Yes: autoDraw = True
44.3456 	EXP 	No: autoDraw = True
44.3456 	EXP 	beginning: autoDraw = True
44.3456 	EXP 	Yes: autoDraw = True
44.3456 	EXP 	No: autoDraw = True
44.3456 	EXP 	text_3: autoDraw = True
44.3456 	EXP 	End: autoDraw = True
44.8479 	DATA 	Keypress: space
44.8514 	EXP 	New trial (rep=0, index=5): {u'answer': u'Y', u'input': None, u'sentence': u'A clock tells time.'}
44.8798 	EXP 	text_3: autoDraw = False
44.8798 	EXP 	End: autoDraw = False
44.8798 	EXP 	beginning: autoDraw = True
44.8798 	EXP 	Yes: autoDraw = True
44.8798 	EXP 	No: autoDraw = True
44.8798 	EXP 	beginning: autoDraw = True
44.8798 	EXP 	Yes: autoDraw = True
44.8798 	EXP 	No: autoDraw = True
44.8798 	EXP 	beginning: autoDraw = True
44.8798 	EXP 	Yes: autoDraw = True
44.8798 	EXP 	No: autoDraw = True
44.8798 	EXP 	text_3: autoDraw = True
44.8798 	EXP 	End: autoDraw = True
45.6491 	DATA 	Keypress: space
45.6524 	EXP 	New trial (rep=0, index=6): {u'answer': u'N', u'input': None, u'sentence': u'The color of grass is red.'}
45.6799 	EXP 	text_3: autoDraw = False
45.6799 	EXP 	End: autoDraw = False
45.6799 	EXP 	beginning: autoDraw = True
45.6799 	EXP 	Yes: autoDraw = True
45.6799 	EXP 	No: autoDraw = True
45.6799 	EXP 	beginning: autoDraw = True
45.6799 	EXP 	Yes: autoDraw = True
45.6799 	EXP 	No: autoDraw = True
45.6799 	EXP 	beginning: autoDraw = True
45.6799 	EXP 	Yes: autoDraw = True
45.6799 	EXP 	No: autoDraw = True
45.6799 	EXP 	text_3: autoDraw = True
45.6799 	EXP 	End: autoDraw = True
46.2823 	DATA 	Keypress: escape
18.9901 	EXP 	Created window1 = Window(allowGUI=False, allowStencil=False, autoLog=True, bitsMode=UNKNOWN, blendMode='avg', color=array([ 0.,  0.,  0.]), colorSpace='rgb', fullscr=UNKNOWN, gamma=None, lms=UNKNOWN, monitor=<psychopy.monitors.calibTools.Monitor object at 0x111a4b3d0>, name='window1', pos=[0, 0], screen=0, size=array([1440,  900]), stereo=False, units=u'norm', useFBO=True, useRetina=False, viewOri=0.0, viewPos=None, viewScale=None, waitBlanking=True, winType='pyglet')
18.9903 	EXP 	window1: recordFrameIntervals = False
19.1603 	EXP 	window1: recordFrameIntervals = True
19.3441 	EXP 	window1: recordFrameIntervals = False
19.7456 	EXP 	Created beginning = TextStim(alignHoriz='center', alignVert='center', antialias=True, autoLog=True, bold=False, color='white', colorSpace='named', contrast=1.0, depth=0.0, flipHoriz=False, flipVert=False, font='Arial', fontFiles=[], height=0.1, italic=False, name='beginning', opacity=1.0, ori=0, pos=array([ 0.,  0.]), rgb=array([ 255.,  255.,  255.]), text=unicode(...), units=u'norm', win=Window(...), wrapWidth=1)
19.7531 	EXP 	Created sample_1 = TextStim(alignHoriz='center', alignVert='center', antialias=True, autoLog=True, bold=False, color='white', colorSpace='named', contrast=1.0, depth=-1.0, flipHoriz=False, flipVert=False, font='Arial', fontFiles=[], height=0.1, italic=False, name='sample_1', opacity=1.0, ori=0, pos=array([ 0.,  0.]), rgb=array([ 255.,  255.,  255.]), text=u'A cow is an animal.', units=u'norm', win=Window(...), wrapWidth=1)
19.9622 	EXP 	Created Yes = ImageStim(autoLog=True, color=array([ 1.,  1.,  1.]), colorSpace='rgb', contrast=1.0, depth=-2.0, flipHoriz=False, flipVert=False, image='Yes.jpg', interpolate=True, mask=None, maskParams=None, name='Yes', opacity=1.0, ori=0.0, pos=array([-0.11, -0.5 ]), size=array([ 0.2,  0.2]), texRes=128, units=u'norm', win=Window(...))
19.9691 	EXP 	Created No = ImageStim(autoLog=True, color=array([ 1.,  1.,  1.]), colorSpace='rgb', contrast=1.0, depth=-3.0, flipHoriz=False, flipVert=False, image='No.jpg', interpolate=True, mask=None, maskParams=None, name='No', opacity=1.0, ori=0.0, pos=array([ 0.1, -0.5]), size=array([ 0.2,  0.2]), texRes=128, units=u'norm', win=Window(...))
19.9984 	EXP 	Created unnamed ShapeStim = ShapeStim(autoDraw=False, autoLog=True, closeShape=True, contrast=1.0, depth=0, fillColor=None, fillColorSpace='rgb', interpolate=True, lineColor='white', lineColorSpace='named', lineWidth=1.5, name='unnamed ShapeStim', opacity=1.0, ori=array(0.0), pos=array([ 0.,  0.]), size=array([ 1.,  1.]), units=u'norm', vertices=ndarray(...), win=Window(...), windingRule=None)
20.0002 	EXP 	Created unnamed ShapeStim = ShapeStim(autoDraw=False, autoLog=True, closeShape=True, contrast=1.0, depth=0, fillColor=None, fillColorSpace='rgb', interpolate=True, lineColor='white', lineColorSpace='named', lineWidth=1.5, name='unnamed ShapeStim', opacity=1.0, ori=array(0.0), pos=array([ 0.,  0.]), size=array([ 1.,  1.]), units=u'norm', vertices=ndarray(...), win=Window(...), windingRule=None)
20.0319 	EXP 	Created practice_instructions = TextStim(alignHoriz='center', alignVert='center', antialias=True, autoLog=True, bold=False, color='white', colorSpace='named', contrast=1.0, depth=0.0, flipHoriz=False, flipVert=False, font='Arial', fontFiles=[], height=0.1, italic=False, name='practice_instructions', opacity=1.0, ori=0, pos=array([ 0.,  0.]), rgb=array([ 255.,  255.,  255.]), text=unicode(...), units=u'norm', win=Window(...), wrapWidth=1)
20.0998 	EXP 	Created text = TextStim(alignHoriz='center', alignVert='center', antialias=True, autoLog=True, bold=False, color='white', colorSpace='named', contrast=1.0, depth=0.0, flipHoriz=False, flipVert=False, font='Arial', fontFiles=[], height=0.1, italic=False, name='text', opacity=1.0, ori=0, pos=array([ 0.,  0.]), rgb=array([ 255.,  255.,  255.]), text=unicode(...), units=u'norm', win=Window(...), wrapWidth=1)
20.1064 	EXP 	Created text_2 = TextStim(alignHoriz='center', alignVert='center', antialias=True, autoLog=True, bold=False, color='white', colorSpace='named', contrast=1.0, depth=0.0, flipHoriz=False, flipVert=False, font='Arial', fontFiles=[], height=0.1, italic=False, name='text_2', opacity=1.0, ori=0, pos=array([ 0.,  0.]), rgb=array([ 255.,  255.,  255.]), text=u'Press the spacebar to begin.', units=u'norm', win=Window(...), wrapWidth=1)
20.1114 	EXP 	Created text_3 = TextStim(alignHoriz='center', alignVert='center', antialias=True, autoLog=True, bold=False, color='white', colorSpace='named', contrast=1.0, depth=0.0, flipHoriz=False, flipVert=False, font='Arial', fontFiles=[], height=0.1, italic=False, name='text_3', opacity=1.0, ori=0, pos=array([ 0.,  0.]), rgb=array([ 255.,  255.,  255.]), text=u'default text', units=u'norm', win=Window(...), wrapWidth=1)
20.1231 	EXP 	Created End = ImageStim(autoLog=True, color=array([ 1.,  1.,  1.]), colorSpace='rgb', contrast=1.0, depth=-2.0, flipHoriz=False, flipVert=False, image='End.jpg', interpolate=True, mask=None, maskParams=None, name='End', opacity=1.0, ori=0.0, pos=array([ 0.9, -0.5]), size=array([ 0.3,  0.3]), texRes=128, units=u'norm', win=Window(...))
20.1312 	EXP 	Created end = TextStim(alignHoriz='center', alignVert='center', antialias=True, autoLog=True, bold=False, color='white', colorSpace='named', contrast=1.0, depth=0.0, flipHoriz=False, flipVert=False, font='Arial', fontFiles=[], height=0.1, italic=False, name='end', opacity=1.0, ori=0, pos=array([ 0.,  0.]), rgb=array([ 255.,  255.,  255.]), text=u'The exam has now ended. Thank You', units=u'norm', win=Window(...), wrapWidth=1)
20.1439 	EXP 	beginning: autoDraw = True
25.1445 	EXP 	beginning: autoDraw = False
25.1611 	EXP 	sample_1: autoDraw = True
25.1611 	EXP 	Yes: autoDraw = True
25.1611 	EXP 	No: autoDraw = True
26.5791 	DATA 	Mouse: Left button down, pos=(795,224)
26.6112 	EXP 	beginning: autoDraw = False
26.6112 	EXP 	sample_1: autoDraw = False
26.6112 	EXP 	Yes: autoDraw = False
26.6112 	EXP 	No: autoDraw = False
26.6112 	EXP 	practice_instructions: autoDraw = True
26.7454 	DATA 	Mouse:  Left button up, pos=(793,226)
31.1703 	DATA 	Keypress: space
31.1776 	EXP 	practice_instructions: autoDraw = False
31.1776 	EXP 	text: autoDraw = True
36.1781 	EXP 	text: autoDraw = False
36.1781 	EXP 	text: autoDraw = False
36.1781 	EXP 	text_2: autoDraw = True
37.5834 	DATA 	Keypress: space
37.6344 	EXP 	Imported reading_fluency_data.xlsx as conditions, 98 conditions, 3 params
37.6378 	EXP 	Created sequence: sequential, trialTypes=98, nReps=98, seed=None
37.6396 	EXP 	New trial (rep=0, index=0): {u'answer': u'Y', u'input': None, u'sentence': u'A bird can fly.'}
37.6623 	EXP 	text_2: autoDraw = False
37.6623 	EXP 	beginning: autoDraw = True
37.6623 	EXP 	Yes: autoDraw = True
37.6623 	EXP 	No: autoDraw = True
37.6623 	EXP 	beginning: autoDraw = True
37.6623 	EXP 	Yes: autoDraw = True
37.6623 	EXP 	No: autoDraw = True
37.6623 	EXP 	beginning: autoDraw = True
37.6623 	EXP 	Yes: autoDraw = True
37.6623 	EXP 	No: autoDraw = True
37.6623 	EXP 	text_3: autoDraw = True
37.6623 	EXP 	End: autoDraw = True
39.1494 	DATA 	Mouse: Left button down, pos=(814,215)
39.2802 	DATA 	Mouse:  Left button up, pos=(814,215)
40.0140 	DATA 	Mouse: Left button down, pos=(625,233)
40.1469 	DATA 	Mouse:  Left button up, pos=(625,233)
40.3969 	DATA 	Mouse: Left button down, pos=(858,240)
40.5295 	DATA 	Mouse:  Left button up, pos=(858,240)
41.1654 	DATA 	Keypress: space
41.1842 	EXP 	New trial (rep=0, index=1): {u'answer': u'N', u'input': None, u'sentence': u'Cats have five legs.'}
41.2127 	EXP 	text_3: autoDraw = False
41.2127 	EXP 	End: autoDraw = False
41.2127 	EXP 	beginning: autoDraw = True
41.2127 	EXP 	Yes: autoDraw = True
41.2127 	EXP 	No: autoDraw = True
41.2127 	EXP 	beginning: autoDraw = True
41.2127 	EXP 	Yes: autoDraw = True
41.2127 	EXP 	No: autoDraw = True
41.2127 	EXP 	beginning: autoDraw = True
41.2127 	EXP 	Yes: autoDraw = True
41.2127 	EXP 	No: autoDraw = True
41.2127 	EXP 	text_3: autoDraw = True
41.2127 	EXP 	End: autoDraw = True
42.7319 	DATA 	Keypress: space
42.7342 	EXP 	New trial (rep=0, index=2): {u'answer': u'Y', u'input': None, u'sentence': u'Some people have long hair'}
42.7626 	EXP 	text_3: autoDraw = False
42.7626 	EXP 	End: autoDraw = False
42.7626 	EXP 	beginning: autoDraw = True
42.7626 	EXP 	Yes: autoDraw = True
42.7626 	EXP 	No: autoDraw = True
42.7626 	EXP 	beginning: autoDraw = True
42.7626 	EXP 	Yes: autoDraw = True
42.7626 	EXP 	No: autoDraw = True
42.7626 	EXP 	beginning: autoDraw = True
42.7626 	EXP 	Yes: autoDraw = True
42.7626 	EXP 	No: autoDraw = True
42.7626 	EXP 	text_3: autoDraw = True
42.7626 	EXP 	End: autoDraw = True
43.5318 	DATA 	Keypress: space
43.5351 	EXP 	New trial (rep=0, index=3): {u'answer': u'Y', u'input': None, u'sentence': u'People have teeth.'}
43.5630 	EXP 	text_3: autoDraw = False
43.5630 	EXP 	End: autoDraw = False
43.5630 	EXP 	beginning: autoDraw = True
43.5630 	EXP 	Yes: autoDraw = True
43.5630 	EXP 	No: autoDraw = True
43.5630 	EXP 	beginning: autoDraw = True
43.5630 	EXP 	Yes: autoDraw = True
43.5630 	EXP 	No: autoDraw = True
43.5630 	EXP 	beginning: autoDraw = True
43.5630 	EXP 	Yes: autoDraw = True
43.5630 	EXP 	No: autoDraw = True
43.5630 	EXP 	text_3: autoDraw = True
43.5630 	EXP 	End: autoDraw = True
44.3153 	DATA 	Keypress: space
44.3185 	EXP 	New trial (rep=0, index=4): {u'answer': u'N', u'input': None, u'sentence': u'The sky is always brown and yellow.'}
44.3456 	EXP 	text_3: autoDraw = False
44.3456 	EXP 	End: autoDraw = False
44.3456 	EXP 	beginning: autoDraw = True
44.3456 	EXP 	Yes: autoDraw = True
44.3456 	EXP 	No: autoDraw = True
44.3456 	EXP 	beginning: autoDraw = True
44.3456 	EXP 	Yes: autoDraw = True
44.3456 	EXP 	No: autoDraw = True
44.3456 	EXP 	beginning: autoDraw = True
44.3456 	EXP 	Yes: autoDraw = True
44.3456 	EXP 	No: autoDraw = True
44.3456 	EXP 	text_3: autoDraw = True
44.3456 	EXP 	End: autoDraw = True
44.8479 	DATA 	Keypress: space
44.8514 	EXP 	New trial (rep=0, index=5): {u'answer': u'Y', u'input': None, u'sentence': u'A clock tells time.'}
44.8798 	EXP 	text_3: autoDraw = False
44.8798 	EXP 	End: autoDraw = False
44.8798 	EXP 	beginning: autoDraw = True
44.8798 	EXP 	Yes: autoDraw = True
44.8798 	EXP 	No: autoDraw = True
44.8798 	EXP 	beginning: autoDraw = True
44.8798 	EXP 	Yes: autoDraw = True
44.8798 	EXP 	No: autoDraw = True
44.8798 	EXP 	beginning: autoDraw = True
44.8798 	EXP 	Yes: autoDraw = True
44.8798 	EXP 	No: autoDraw = True
44.8798 	EXP 	text_3: autoDraw = True
44.8798 	EXP 	End: autoDraw = True
45.6491 	DATA 	Keypress: space
45.6524 	EXP 	New trial (rep=0, index=6): {u'answer': u'N', u'input': None, u'sentence': u'The color of grass is red.'}
45.6799 	EXP 	text_3: autoDraw = False
45.6799 	EXP 	End: autoDraw = False
45.6799 	EXP 	beginning: autoDraw = True
45.6799 	EXP 	Yes: autoDraw = True
45.6799 	EXP 	No: autoDraw = True
45.6799 	EXP 	beginning: autoDraw = True
45.6799 	EXP 	Yes: autoDraw = True
45.6799 	EXP 	No: autoDraw = True
45.6799 	EXP 	beginning: autoDraw = True
45.6799 	EXP 	Yes: autoDraw = True
45.6799 	EXP 	No: autoDraw = True
45.6799 	EXP 	text_3: autoDraw = True
45.6799 	EXP 	End: autoDraw = True
46.2823 	DATA 	Keypress: escape
