17.9483 	EXP 	Created window1 = Window(allowGUI=False, allowStencil=False, autoLog=True, bitsMode=UNKNOWN, blendMode='avg', color=array([ 0.,  0.,  0.]), colorSpace='rgb', fullscr=UNKNOWN, gamma=None, lms=UNKNOWN, monitor=<psychopy.monitors.calibTools.Monitor object at 0x1117e3450>, name='window1', pos=[0, 0], screen=0, size=array([1440,  900]), stereo=False, units=u'norm', useFBO=True, useRetina=False, viewOri=0.0, viewPos=None, viewScale=None, waitBlanking=True, winType='pyglet')
17.9483 	EXP 	window1: recordFrameIntervals = False
18.1137 	EXP 	window1: recordFrameIntervals = True
18.2967 	EXP 	window1: recordFrameIntervals = False
18.5812 	EXP 	Created beginning = TextStim(alignHoriz='center', alignVert='center', antialias=True, autoLog=True, bold=False, color='white', colorSpace='named', contrast=1.0, depth=0.0, flipHoriz=False, flipVert=False, font='Arial', fontFiles=[], height=0.1, italic=False, name='beginning', opacity=1.0, ori=0, pos=array([ 0.,  0.]), rgb=array([ 255.,  255.,  255.]), text=unicode(...), units=u'norm', win=Window(...), wrapWidth=1)
18.5894 	EXP 	Created sample_1 = TextStim(alignHoriz='center', alignVert='center', antialias=True, autoLog=True, bold=False, color='white', colorSpace='named', contrast=1.0, depth=-1.0, flipHoriz=False, flipVert=False, font='Arial', fontFiles=[], height=0.1, italic=False, name='sample_1', opacity=1.0, ori=0, pos=array([ 0.,  0.]), rgb=array([ 255.,  255.,  255.]), text=u'A cow is an animal.', units=u'norm', win=Window(...), wrapWidth=1)
18.7869 	EXP 	Created Yes = ImageStim(autoLog=True, color=array([ 1.,  1.,  1.]), colorSpace='rgb', contrast=1.0, depth=-2.0, flipHoriz=False, flipVert=False, image='Yes.jpg', interpolate=True, mask=None, maskParams=None, name='Yes', opacity=1.0, ori=0.0, pos=array([-0.11, -0.5 ]), size=array([ 0.2,  0.2]), texRes=128, units=u'norm', win=Window(...))
18.7935 	EXP 	Created No = ImageStim(autoLog=True, color=array([ 1.,  1.,  1.]), colorSpace='rgb', contrast=1.0, depth=-3.0, flipHoriz=False, flipVert=False, image='No.jpg', interpolate=True, mask=None, maskParams=None, name='No', opacity=1.0, ori=0.0, pos=array([ 0.1, -0.5]), size=array([ 0.2,  0.2]), texRes=128, units=u'norm', win=Window(...))
18.8209 	EXP 	Created unnamed ShapeStim = ShapeStim(autoDraw=False, autoLog=True, closeShape=True, contrast=1.0, depth=0, fillColor=None, fillColorSpace='rgb', interpolate=True, lineColor='white', lineColorSpace='named', lineWidth=1.5, name='unnamed ShapeStim', opacity=1.0, ori=array(0.0), pos=array([ 0.,  0.]), size=array([ 1.,  1.]), units=u'norm', vertices=ndarray(...), win=Window(...), windingRule=None)
18.8232 	EXP 	Created unnamed ShapeStim = ShapeStim(autoDraw=False, autoLog=True, closeShape=True, contrast=1.0, depth=0, fillColor=None, fillColorSpace='rgb', interpolate=True, lineColor='white', lineColorSpace='named', lineWidth=1.5, name='unnamed ShapeStim', opacity=1.0, ori=array(0.0), pos=array([ 0.,  0.]), size=array([ 1.,  1.]), units=u'norm', vertices=ndarray(...), win=Window(...), windingRule=None)
18.8673 	EXP 	Created practice_instructions = TextStim(alignHoriz='center', alignVert='center', antialias=True, autoLog=True, bold=False, color='white', colorSpace='named', contrast=1.0, depth=0.0, flipHoriz=False, flipVert=False, font='Arial', fontFiles=[], height=0.1, italic=False, name='practice_instructions', opacity=1.0, ori=0, pos=array([ 0.,  0.]), rgb=array([ 255.,  255.,  255.]), text=unicode(...), units=u'norm', win=Window(...), wrapWidth=1)
18.9571 	EXP 	Created text = TextStim(alignHoriz='center', alignVert='center', antialias=True, autoLog=True, bold=False, color='white', colorSpace='named', contrast=1.0, depth=0.0, flipHoriz=False, flipVert=False, font='Arial', fontFiles=[], height=0.1, italic=False, name='text', opacity=1.0, ori=0, pos=array([ 0.,  0.]), rgb=array([ 255.,  255.,  255.]), text=unicode(...), units=u'norm', win=Window(...), wrapWidth=1)
18.9649 	EXP 	Created text_2 = TextStim(alignHoriz='center', alignVert='center', antialias=True, autoLog=True, bold=False, color='white', colorSpace='named', contrast=1.0, depth=0.0, flipHoriz=False, flipVert=False, font='Arial', fontFiles=[], height=0.1, italic=False, name='text_2', opacity=1.0, ori=0, pos=array([ 0.,  0.]), rgb=array([ 255.,  255.,  255.]), text=u'Press the spacebar to begin.', units=u'norm', win=Window(...), wrapWidth=1)
18.9699 	EXP 	Created text_3 = TextStim(alignHoriz='center', alignVert='center', antialias=True, autoLog=True, bold=False, color='white', colorSpace='named', contrast=1.0, depth=0.0, flipHoriz=False, flipVert=False, font='Arial', fontFiles=[], height=0.1, italic=False, name='text_3', opacity=1.0, ori=0, pos=array([ 0.,  0.]), rgb=array([ 255.,  255.,  255.]), text=u'default text', units=u'norm', win=Window(...), wrapWidth=1)
18.9830 	EXP 	Created End = ImageStim(autoLog=True, color=array([ 1.,  1.,  1.]), colorSpace='rgb', contrast=1.0, depth=-2.0, flipHoriz=False, flipVert=False, image='End.jpg', interpolate=True, mask=None, maskParams=None, name='End', opacity=1.0, ori=0.0, pos=array([ 0.9, -0.5]), size=array([ 0.3,  0.3]), texRes=128, units=u'norm', win=Window(...))
18.9945 	EXP 	Created end = TextStim(alignHoriz='center', alignVert='center', antialias=True, autoLog=True, bold=False, color='white', colorSpace='named', contrast=1.0, depth=0.0, flipHoriz=False, flipVert=False, font='Arial', fontFiles=[], height=0.1, italic=False, name='end', opacity=1.0, ori=0, pos=array([ 0.,  0.]), rgb=array([ 255.,  255.,  255.]), text=u'The exam has now ended. Thank You', units=u'norm', win=Window(...), wrapWidth=1)
19.0136 	EXP 	beginning: autoDraw = True
20.3315 	DATA 	Mouse: Left button down, pos=(710,369)
20.4976 	DATA 	Mouse:  Left button up, pos=(710,369)
24.0144 	EXP 	beginning: autoDraw = False
24.0144 	EXP 	sample_1: autoDraw = True
24.0144 	EXP 	Yes: autoDraw = True
24.0144 	EXP 	No: autoDraw = True
25.1506 	DATA 	Mouse: Left button down, pos=(779,215)
25.3321 	DATA 	Mouse:  Left button up, pos=(779,215)
25.7150 	DATA 	Mouse: Left button down, pos=(818,217)
25.8485 	DATA 	Mouse:  Left button up, pos=(818,217)
26.2990 	DATA 	Mouse: Left button down, pos=(785,244)
26.4180 	DATA 	Mouse:  Left button up, pos=(785,244)
26.8486 	DATA 	Mouse: Left button down, pos=(834,247)
26.9669 	DATA 	Mouse:  Left button up, pos=(834,247)
27.1826 	DATA 	Mouse: Left button down, pos=(822,217)
27.2990 	DATA 	Mouse:  Left button up, pos=(822,217)
27.4655 	DATA 	Mouse: Left button down, pos=(742,217)
27.6000 	DATA 	Mouse:  Left button up, pos=(737,217)
27.8656 	DATA 	Mouse: Left button down, pos=(737,247)
28.2499 	DATA 	Mouse:  Left button up, pos=(737,120)
28.6518 	DATA 	Mouse: Left button down, pos=(740,188)
28.7655 	DATA 	Mouse:  Left button up, pos=(740,188)
28.9490 	DATA 	Mouse: Left button down, pos=(851,188)
29.0828 	DATA 	Mouse:  Left button up, pos=(851,188)
29.2523 	DATA 	Mouse: Left button down, pos=(819,240)
29.3823 	DATA 	Mouse:  Left button up, pos=(819,240)
29.8492 	DATA 	Mouse: Left button down, pos=(794,234)
29.8649 	EXP 	beginning: autoDraw = False
29.8649 	EXP 	sample_1: autoDraw = False
29.8649 	EXP 	Yes: autoDraw = False
29.8649 	EXP 	No: autoDraw = False
29.8649 	EXP 	practice_instructions: autoDraw = True
29.9157 	DATA 	Mouse:  Left button up, pos=(794,234)
30.8205 	DATA 	Keypress: space
30.8317 	EXP 	practice_instructions: autoDraw = False
30.8317 	EXP 	text: autoDraw = True
35.8323 	EXP 	text: autoDraw = False
35.8323 	EXP 	text: autoDraw = False
35.8323 	EXP 	text_2: autoDraw = True
44.7521 	DATA 	Keypress: space
44.7861 	EXP 	Imported reading_fluency_data.xlsx as conditions, 98 conditions, 3 params
44.7871 	EXP 	Created sequence: sequential, trialTypes=98, nReps=98, seed=None
44.7880 	EXP 	New trial (rep=0, index=0): {u'answer': u'Y', u'input': None, u'sentence': u'A bird can fly.'}
44.7999 	EXP 	text_2: autoDraw = False
44.7999 	EXP 	End: autoDraw = True
46.4844 	DATA 	Mouse: Left button down, pos=(1367,235)
46.6010 	DATA 	Mouse:  Left button up, pos=(1368,235)
46.7359 	DATA 	Keypress: space
46.9679 	DATA 	Mouse: Left button down, pos=(834,400)
47.0677 	DATA 	Mouse:  Left button up, pos=(835,400)
47.1693 	DATA 	Keypress: a
47.2534 	DATA 	Keypress: s
47.2855 	DATA 	Keypress: d
47.3690 	DATA 	Keypress: f
47.6526 	DATA 	Keypress: i
47.7198 	DATA 	Keypress: space
47.8192 	DATA 	Keypress: k
47.9189 	DATA 	Keypress: a
48.0026 	DATA 	Keypress: s
48.1525 	DATA 	Keypress: n
48.2193 	DATA 	Keypress: f
48.2692 	DATA 	Keypress: space
48.3877 	DATA 	Keypress: o
48.6195 	DATA 	Keypress: v
48.6864 	DATA 	Keypress: r
48.9027 	DATA 	Keypress: u
48.9045 	DATA 	Keypress: 2
49.1859 	DATA 	Keypress: 4
49.2690 	DATA 	Keypress: 8
49.6020 	DATA 	Keypress: escape
17.9483 	EXP 	Created window1 = Window(allowGUI=False, allowStencil=False, autoLog=True, bitsMode=UNKNOWN, blendMode='avg', color=array([ 0.,  0.,  0.]), colorSpace='rgb', fullscr=UNKNOWN, gamma=None, lms=UNKNOWN, monitor=<psychopy.monitors.calibTools.Monitor object at 0x1117e3450>, name='window1', pos=[0, 0], screen=0, size=array([1440,  900]), stereo=False, units=u'norm', useFBO=True, useRetina=False, viewOri=0.0, viewPos=None, viewScale=None, waitBlanking=True, winType='pyglet')
17.9483 	EXP 	window1: recordFrameIntervals = False
18.1137 	EXP 	window1: recordFrameIntervals = True
18.2967 	EXP 	window1: recordFrameIntervals = False
18.5812 	EXP 	Created beginning = TextStim(alignHoriz='center', alignVert='center', antialias=True, autoLog=True, bold=False, color='white', colorSpace='named', contrast=1.0, depth=0.0, flipHoriz=False, flipVert=False, font='Arial', fontFiles=[], height=0.1, italic=False, name='beginning', opacity=1.0, ori=0, pos=array([ 0.,  0.]), rgb=array([ 255.,  255.,  255.]), text=unicode(...), units=u'norm', win=Window(...), wrapWidth=1)
18.5894 	EXP 	Created sample_1 = TextStim(alignHoriz='center', alignVert='center', antialias=True, autoLog=True, bold=False, color='white', colorSpace='named', contrast=1.0, depth=-1.0, flipHoriz=False, flipVert=False, font='Arial', fontFiles=[], height=0.1, italic=False, name='sample_1', opacity=1.0, ori=0, pos=array([ 0.,  0.]), rgb=array([ 255.,  255.,  255.]), text=u'A cow is an animal.', units=u'norm', win=Window(...), wrapWidth=1)
18.7869 	EXP 	Created Yes = ImageStim(autoLog=True, color=array([ 1.,  1.,  1.]), colorSpace='rgb', contrast=1.0, depth=-2.0, flipHoriz=False, flipVert=False, image='Yes.jpg', interpolate=True, mask=None, maskParams=None, name='Yes', opacity=1.0, ori=0.0, pos=array([-0.11, -0.5 ]), size=array([ 0.2,  0.2]), texRes=128, units=u'norm', win=Window(...))
18.7935 	EXP 	Created No = ImageStim(autoLog=True, color=array([ 1.,  1.,  1.]), colorSpace='rgb', contrast=1.0, depth=-3.0, flipHoriz=False, flipVert=False, image='No.jpg', interpolate=True, mask=None, maskParams=None, name='No', opacity=1.0, ori=0.0, pos=array([ 0.1, -0.5]), size=array([ 0.2,  0.2]), texRes=128, units=u'norm', win=Window(...))
18.8209 	EXP 	Created unnamed ShapeStim = ShapeStim(autoDraw=False, autoLog=True, closeShape=True, contrast=1.0, depth=0, fillColor=None, fillColorSpace='rgb', interpolate=True, lineColor='white', lineColorSpace='named', lineWidth=1.5, name='unnamed ShapeStim', opacity=1.0, ori=array(0.0), pos=array([ 0.,  0.]), size=array([ 1.,  1.]), units=u'norm', vertices=ndarray(...), win=Window(...), windingRule=None)
18.8232 	EXP 	Created unnamed ShapeStim = ShapeStim(autoDraw=False, autoLog=True, closeShape=True, contrast=1.0, depth=0, fillColor=None, fillColorSpace='rgb', interpolate=True, lineColor='white', lineColorSpace='named', lineWidth=1.5, name='unnamed ShapeStim', opacity=1.0, ori=array(0.0), pos=array([ 0.,  0.]), size=array([ 1.,  1.]), units=u'norm', vertices=ndarray(...), win=Window(...), windingRule=None)
18.8673 	EXP 	Created practice_instructions = TextStim(alignHoriz='center', alignVert='center', antialias=True, autoLog=True, bold=False, color='white', colorSpace='named', contrast=1.0, depth=0.0, flipHoriz=False, flipVert=False, font='Arial', fontFiles=[], height=0.1, italic=False, name='practice_instructions', opacity=1.0, ori=0, pos=array([ 0.,  0.]), rgb=array([ 255.,  255.,  255.]), text=unicode(...), units=u'norm', win=Window(...), wrapWidth=1)
18.9571 	EXP 	Created text = TextStim(alignHoriz='center', alignVert='center', antialias=True, autoLog=True, bold=False, color='white', colorSpace='named', contrast=1.0, depth=0.0, flipHoriz=False, flipVert=False, font='Arial', fontFiles=[], height=0.1, italic=False, name='text', opacity=1.0, ori=0, pos=array([ 0.,  0.]), rgb=array([ 255.,  255.,  255.]), text=unicode(...), units=u'norm', win=Window(...), wrapWidth=1)
18.9649 	EXP 	Created text_2 = TextStim(alignHoriz='center', alignVert='center', antialias=True, autoLog=True, bold=False, color='white', colorSpace='named', contrast=1.0, depth=0.0, flipHoriz=False, flipVert=False, font='Arial', fontFiles=[], height=0.1, italic=False, name='text_2', opacity=1.0, ori=0, pos=array([ 0.,  0.]), rgb=array([ 255.,  255.,  255.]), text=u'Press the spacebar to begin.', units=u'norm', win=Window(...), wrapWidth=1)
18.9699 	EXP 	Created text_3 = TextStim(alignHoriz='center', alignVert='center', antialias=True, autoLog=True, bold=False, color='white', colorSpace='named', contrast=1.0, depth=0.0, flipHoriz=False, flipVert=False, font='Arial', fontFiles=[], height=0.1, italic=False, name='text_3', opacity=1.0, ori=0, pos=array([ 0.,  0.]), rgb=array([ 255.,  255.,  255.]), text=u'default text', units=u'norm', win=Window(...), wrapWidth=1)
18.9830 	EXP 	Created End = ImageStim(autoLog=True, color=array([ 1.,  1.,  1.]), colorSpace='rgb', contrast=1.0, depth=-2.0, flipHoriz=False, flipVert=False, image='End.jpg', interpolate=True, mask=None, maskParams=None, name='End', opacity=1.0, ori=0.0, pos=array([ 0.9, -0.5]), size=array([ 0.3,  0.3]), texRes=128, units=u'norm', win=Window(...))
18.9945 	EXP 	Created end = TextStim(alignHoriz='center', alignVert='center', antialias=True, autoLog=True, bold=False, color='white', colorSpace='named', contrast=1.0, depth=0.0, flipHoriz=False, flipVert=False, font='Arial', fontFiles=[], height=0.1, italic=False, name='end', opacity=1.0, ori=0, pos=array([ 0.,  0.]), rgb=array([ 255.,  255.,  255.]), text=u'The exam has now ended. Thank You', units=u'norm', win=Window(...), wrapWidth=1)
19.0136 	EXP 	beginning: autoDraw = True
20.3315 	DATA 	Mouse: Left button down, pos=(710,369)
20.4976 	DATA 	Mouse:  Left button up, pos=(710,369)
24.0144 	EXP 	beginning: autoDraw = False
24.0144 	EXP 	sample_1: autoDraw = True
24.0144 	EXP 	Yes: autoDraw = True
24.0144 	EXP 	No: autoDraw = True
25.1506 	DATA 	Mouse: Left button down, pos=(779,215)
25.3321 	DATA 	Mouse:  Left button up, pos=(779,215)
25.7150 	DATA 	Mouse: Left button down, pos=(818,217)
25.8485 	DATA 	Mouse:  Left button up, pos=(818,217)
26.2990 	DATA 	Mouse: Left button down, pos=(785,244)
26.4180 	DATA 	Mouse:  Left button up, pos=(785,244)
26.8486 	DATA 	Mouse: Left button down, pos=(834,247)
26.9669 	DATA 	Mouse:  Left button up, pos=(834,247)
27.1826 	DATA 	Mouse: Left button down, pos=(822,217)
27.2990 	DATA 	Mouse:  Left button up, pos=(822,217)
27.4655 	DATA 	Mouse: Left button down, pos=(742,217)
27.6000 	DATA 	Mouse:  Left button up, pos=(737,217)
27.8656 	DATA 	Mouse: Left button down, pos=(737,247)
28.2499 	DATA 	Mouse:  Left button up, pos=(737,120)
28.6518 	DATA 	Mouse: Left button down, pos=(740,188)
28.7655 	DATA 	Mouse:  Left button up, pos=(740,188)
28.9490 	DATA 	Mouse: Left button down, pos=(851,188)
29.0828 	DATA 	Mouse:  Left button up, pos=(851,188)
29.2523 	DATA 	Mouse: Left button down, pos=(819,240)
29.3823 	DATA 	Mouse:  Left button up, pos=(819,240)
29.8492 	DATA 	Mouse: Left button down, pos=(794,234)
29.8649 	EXP 	beginning: autoDraw = False
29.8649 	EXP 	sample_1: autoDraw = False
29.8649 	EXP 	Yes: autoDraw = False
29.8649 	EXP 	No: autoDraw = False
29.8649 	EXP 	practice_instructions: autoDraw = True
29.9157 	DATA 	Mouse:  Left button up, pos=(794,234)
30.8205 	DATA 	Keypress: space
30.8317 	EXP 	practice_instructions: autoDraw = False
30.8317 	EXP 	text: autoDraw = True
35.8323 	EXP 	text: autoDraw = False
35.8323 	EXP 	text: autoDraw = False
35.8323 	EXP 	text_2: autoDraw = True
44.7521 	DATA 	Keypress: space
44.7861 	EXP 	Imported reading_fluency_data.xlsx as conditions, 98 conditions, 3 params
44.7871 	EXP 	Created sequence: sequential, trialTypes=98, nReps=98, seed=None
44.7880 	EXP 	New trial (rep=0, index=0): {u'answer': u'Y', u'input': None, u'sentence': u'A bird can fly.'}
44.7999 	EXP 	text_2: autoDraw = False
44.7999 	EXP 	End: autoDraw = True
46.4844 	DATA 	Mouse: Left button down, pos=(1367,235)
46.6010 	DATA 	Mouse:  Left button up, pos=(1368,235)
46.7359 	DATA 	Keypress: space
46.9679 	DATA 	Mouse: Left button down, pos=(834,400)
47.0677 	DATA 	Mouse:  Left button up, pos=(835,400)
47.1693 	DATA 	Keypress: a
47.2534 	DATA 	Keypress: s
47.2855 	DATA 	Keypress: d
47.3690 	DATA 	Keypress: f
47.6526 	DATA 	Keypress: i
47.7198 	DATA 	Keypress: space
47.8192 	DATA 	Keypress: k
47.9189 	DATA 	Keypress: a
48.0026 	DATA 	Keypress: s
48.1525 	DATA 	Keypress: n
48.2193 	DATA 	Keypress: f
48.2692 	DATA 	Keypress: space
48.3877 	DATA 	Keypress: o
48.6195 	DATA 	Keypress: v
48.6864 	DATA 	Keypress: r
48.9027 	DATA 	Keypress: u
48.9045 	DATA 	Keypress: 2
49.1859 	DATA 	Keypress: 4
49.2690 	DATA 	Keypress: 8
49.6020 	DATA 	Keypress: escape
