27.1815 	EXP 	Created window1 = Window(allowGUI=False, allowStencil=False, autoLog=True, bitsMode=UNKNOWN, blendMode='avg', color=array([ 0.,  0.,  0.]), colorSpace='rgb', fullscr=UNKNOWN, gamma=None, lms=UNKNOWN, monitor=<psychopy.monitors.calibTools.Monitor object at 0x110292490>, name='window1', pos=[0, 0], screen=0, size=array([1440,  900]), stereo=False, units=u'norm', useFBO=True, useRetina=False, viewOri=0.0, viewPos=None, viewScale=None, waitBlanking=True, winType='pyglet')
27.1816 	EXP 	window1: recordFrameIntervals = False
27.3468 	EXP 	window1: recordFrameIntervals = True
27.5304 	EXP 	window1: recordFrameIntervals = False
27.8318 	EXP 	Created beginning = TextStim(alignHoriz='center', alignVert='center', antialias=True, autoLog=True, bold=False, color='white', colorSpace='named', contrast=1.0, depth=0.0, flipHoriz=False, flipVert=False, font='Arial', fontFiles=[], height=0.1, italic=False, name='beginning', opacity=1.0, ori=0, pos=array([ 0.,  0.]), rgb=array([ 255.,  255.,  255.]), text=unicode(...), units=u'norm', win=Window(...), wrapWidth=1)
27.8390 	EXP 	Created sample_1 = TextStim(alignHoriz='center', alignVert='center', antialias=True, autoLog=True, bold=False, color='white', colorSpace='named', contrast=1.0, depth=-1.0, flipHoriz=False, flipVert=False, font='Arial', fontFiles=[], height=0.1, italic=False, name='sample_1', opacity=1.0, ori=0, pos=array([ 0.,  0.]), rgb=array([ 255.,  255.,  255.]), text=u'A cow is an animal.', units=u'norm', win=Window(...), wrapWidth=1)
28.0402 	EXP 	Created Yes = ImageStim(autoLog=True, color=array([ 1.,  1.,  1.]), colorSpace='rgb', contrast=1.0, depth=-2.0, flipHoriz=False, flipVert=False, image='Yes.jpg', interpolate=True, mask=None, maskParams=None, name='Yes', opacity=1.0, ori=0.0, pos=array([-0.11, -0.5 ]), size=array([ 0.2,  0.2]), texRes=128, units=u'norm', win=Window(...))
28.0461 	EXP 	Created No = ImageStim(autoLog=True, color=array([ 1.,  1.,  1.]), colorSpace='rgb', contrast=1.0, depth=-3.0, flipHoriz=False, flipVert=False, image='No.jpg', interpolate=True, mask=None, maskParams=None, name='No', opacity=1.0, ori=0.0, pos=array([ 0.1, -0.5]), size=array([ 0.2,  0.2]), texRes=128, units=u'norm', win=Window(...))
28.0768 	EXP 	Created unnamed ShapeStim = ShapeStim(autoDraw=False, autoLog=True, closeShape=True, contrast=1.0, depth=0, fillColor=None, fillColorSpace='rgb', interpolate=True, lineColor='white', lineColorSpace='named', lineWidth=1.5, name='unnamed ShapeStim', opacity=1.0, ori=array(0.0), pos=array([ 0.,  0.]), size=array([ 1.,  1.]), units=u'norm', vertices=ndarray(...), win=Window(...), windingRule=None)
28.0788 	EXP 	Created unnamed ShapeStim = ShapeStim(autoDraw=False, autoLog=True, closeShape=True, contrast=1.0, depth=0, fillColor=None, fillColorSpace='rgb', interpolate=True, lineColor='white', lineColorSpace='named', lineWidth=1.5, name='unnamed ShapeStim', opacity=1.0, ori=array(0.0), pos=array([ 0.,  0.]), size=array([ 1.,  1.]), units=u'norm', vertices=ndarray(...), win=Window(...), windingRule=None)
28.1168 	EXP 	Created practice_instructions = TextStim(alignHoriz='center', alignVert='center', antialias=True, autoLog=True, bold=False, color='white', colorSpace='named', contrast=1.0, depth=0.0, flipHoriz=False, flipVert=False, font='Arial', fontFiles=[], height=0.1, italic=False, name='practice_instructions', opacity=1.0, ori=0, pos=array([ 0.,  0.]), rgb=array([ 255.,  255.,  255.]), text=unicode(...), units=u'norm', win=Window(...), wrapWidth=1)
28.2066 	EXP 	Created text = TextStim(alignHoriz='center', alignVert='center', antialias=True, autoLog=True, bold=False, color='white', colorSpace='named', contrast=1.0, depth=0.0, flipHoriz=False, flipVert=False, font='Arial', fontFiles=[], height=0.1, italic=False, name='text', opacity=1.0, ori=0, pos=array([ 0.,  0.]), rgb=array([ 255.,  255.,  255.]), text=unicode(...), units=u'norm', win=Window(...), wrapWidth=1)
28.2136 	EXP 	Created text_2 = TextStim(alignHoriz='center', alignVert='center', antialias=True, autoLog=True, bold=False, color='white', colorSpace='named', contrast=1.0, depth=0.0, flipHoriz=False, flipVert=False, font='Arial', fontFiles=[], height=0.1, italic=False, name='text_2', opacity=1.0, ori=0, pos=array([ 0.,  0.]), rgb=array([ 255.,  255.,  255.]), text=u'Press the spacebar to begin.', units=u'norm', win=Window(...), wrapWidth=1)
28.2234 	EXP 	Created text_3 = TextStim(alignHoriz='center', alignVert='center', antialias=True, autoLog=True, bold=False, color='white', colorSpace='named', contrast=1.0, depth=0.0, flipHoriz=False, flipVert=False, font='Arial', fontFiles=[], height=0.1, italic=False, name='text_3', opacity=1.0, ori=0, pos=array([ 0.,  0.]), rgb=array([ 255.,  255.,  255.]), text=u'default text', units=u'norm', win=Window(...), wrapWidth=1)
28.2364 	EXP 	Created Yes1 = ImageStim(autoLog=True, color=array([ 1.,  1.,  1.]), colorSpace='rgb', contrast=1.0, depth=-2.0, flipHoriz=False, flipVert=False, image='Yes1.jpg', interpolate=True, mask=None, maskParams=None, name='Yes1', opacity=1.0, ori=0.0, pos=array([-0.11, -0.5 ]), size=array([ 0.2,  0.2]), texRes=128, units=u'norm', win=Window(...))
28.2432 	EXP 	Created No1 = ImageStim(autoLog=True, color=array([ 1.,  1.,  1.]), colorSpace='rgb', contrast=1.0, depth=-3.0, flipHoriz=False, flipVert=False, image='No1.jpg', interpolate=True, mask=None, maskParams=None, name='No1', opacity=1.0, ori=0.0, pos=array([ 0.1, -0.5]), size=array([ 0.2,  0.2]), texRes=128, units=u'norm', win=Window(...))
28.2460 	EXP 	Created unnamed ShapeStim = ShapeStim(autoDraw=False, autoLog=True, closeShape=True, contrast=1.0, depth=0, fillColor=None, fillColorSpace='rgb', interpolate=True, lineColor='white', lineColorSpace='named', lineWidth=1.5, name='unnamed ShapeStim', opacity=1.0, ori=array(0.0), pos=array([ 0.,  0.]), size=array([ 1.,  1.]), units=u'norm', vertices=ndarray(...), win=Window(...), windingRule=None)
28.2483 	EXP 	Created unnamed ShapeStim = ShapeStim(autoDraw=False, autoLog=True, closeShape=True, contrast=1.0, depth=0, fillColor=None, fillColorSpace='rgb', interpolate=True, lineColor='white', lineColorSpace='named', lineWidth=1.5, name='unnamed ShapeStim', opacity=1.0, ori=array(0.0), pos=array([ 0.,  0.]), size=array([ 1.,  1.]), units=u'norm', vertices=ndarray(...), win=Window(...), windingRule=None)
28.2551 	EXP 	Created End = ImageStim(autoLog=True, color=array([ 1.,  1.,  1.]), colorSpace='rgb', contrast=1.0, depth=-2.0, flipHoriz=False, flipVert=False, image='End.jpg', interpolate=True, mask=None, maskParams=None, name='End', opacity=1.0, ori=0.0, pos=array([ 0.7, -0.6]), size=array([ 0.2,  0.2]), texRes=128, units=u'norm', win=Window(...))
28.2652 	EXP 	Created end = TextStim(alignHoriz='center', alignVert='center', antialias=True, autoLog=True, bold=False, color='white', colorSpace='named', contrast=1.0, depth=0.0, flipHoriz=False, flipVert=False, font='Arial', fontFiles=[], height=0.1, italic=False, name='end', opacity=1.0, ori=0, pos=array([ 0.,  0.]), rgb=array([ 255.,  255.,  255.]), text=u'The exam has now ended. Thank You', units=u'norm', win=Window(...), wrapWidth=1)
28.2801 	EXP 	beginning: autoDraw = True
33.2806 	EXP 	beginning: autoDraw = False
33.2974 	EXP 	sample_1: autoDraw = True
33.2974 	EXP 	Yes: autoDraw = True
33.2974 	EXP 	No: autoDraw = True
46.1834 	DATA 	Mouse: Left button down, pos=(785,248)
46.2997 	DATA 	Mouse:  Left button up, pos=(785,246)
47.2996 	DATA 	Mouse: Left button down, pos=(831,225)
47.3997 	DATA 	Mouse:  Left button up, pos=(831,225)
47.9329 	DATA 	Mouse: Left button down, pos=(829,264)
47.9487 	EXP 	beginning: autoDraw = False
47.9487 	EXP 	sample_1: autoDraw = False
47.9487 	EXP 	Yes: autoDraw = False
47.9487 	EXP 	No: autoDraw = False
47.9487 	EXP 	practice_instructions: autoDraw = True
48.0331 	DATA 	Mouse:  Left button up, pos=(829,264)
48.8536 	DATA 	Keypress: space
48.8657 	EXP 	practice_instructions: autoDraw = False
48.8657 	EXP 	text: autoDraw = True
53.8661 	EXP 	text: autoDraw = False
53.8661 	EXP 	text: autoDraw = False
53.8661 	EXP 	text_2: autoDraw = True
55.3520 	DATA 	Keypress: space
55.3867 	EXP 	Imported reading_fluency_data.xlsx as conditions, 98 conditions, 2 params
55.3875 	EXP 	Created sequence: sequential, trialTypes=98, nReps=98, seed=None
55.3885 	EXP 	New trial (rep=0, index=0): {u'answer': u'Y', u'sentence': u'A bird can fly.'}
55.4161 	EXP 	text_2: autoDraw = False
55.4161 	EXP 	text_3: text = u'A bird can fly.'
55.4161 	EXP 	text_3: autoDraw = True
55.4161 	EXP 	End: autoDraw = True
55.4161 	EXP 	Yes1: autoDraw = True
55.4161 	EXP 	No1: autoDraw = True
56.2362 	DATA 	Mouse: Left button down, pos=(667,209)
56.3841 	DATA 	Mouse:  Left button up, pos=(667,209)
60.3686 	EXP 	New trial (rep=0, index=1): {u'answer': u'N', u'sentence': u'Cats have five legs.'}
60.4002 	EXP 	text_3: autoDraw = False
60.4002 	EXP 	text_3: text = u'Cats have five legs.'
60.4002 	EXP 	text_3: autoDraw = True
61.0514 	DATA 	Mouse: Left button down, pos=(803,205)
61.2012 	DATA 	Mouse:  Left button up, pos=(803,205)
65.3687 	EXP 	New trial (rep=0, index=2): {u'answer': u'Y', u'sentence': u'Some people have long hair'}
65.4006 	EXP 	text_3: autoDraw = False
65.4006 	EXP 	text_3: text = u'Some people have long hair'
65.4006 	EXP 	text_3: autoDraw = True
66.0015 	DATA 	Mouse: Left button down, pos=(653,216)
66.1519 	DATA 	Mouse:  Left button up, pos=(652,216)
70.3696 	EXP 	New trial (rep=0, index=3): {u'answer': u'Y', u'sentence': u'People have teeth.'}
70.4011 	EXP 	text_3: autoDraw = False
70.4011 	EXP 	text_3: text = u'People have teeth.'
70.4011 	EXP 	text_3: autoDraw = True
72.7859 	DATA 	Mouse: Left button down, pos=(622,226)
72.9356 	DATA 	Mouse:  Left button up, pos=(622,227)
75.3701 	EXP 	New trial (rep=0, index=4): {u'answer': u'N', u'sentence': u'The sky is always brown and yellow.'}
75.4016 	EXP 	text_3: autoDraw = False
75.4016 	EXP 	text_3: text = u'The sky is always brown and yellow.'
75.4016 	EXP 	text_3: autoDraw = True
77.7362 	DATA 	Mouse: Left button down, pos=(786,216)
77.9362 	DATA 	Mouse:  Left button up, pos=(786,216)
78.8375 	DATA 	Keypress: escape
27.1815 	EXP 	Created window1 = Window(allowGUI=False, allowStencil=False, autoLog=True, bitsMode=UNKNOWN, blendMode='avg', color=array([ 0.,  0.,  0.]), colorSpace='rgb', fullscr=UNKNOWN, gamma=None, lms=UNKNOWN, monitor=<psychopy.monitors.calibTools.Monitor object at 0x110292490>, name='window1', pos=[0, 0], screen=0, size=array([1440,  900]), stereo=False, units=u'norm', useFBO=True, useRetina=False, viewOri=0.0, viewPos=None, viewScale=None, waitBlanking=True, winType='pyglet')
27.1816 	EXP 	window1: recordFrameIntervals = False
27.3468 	EXP 	window1: recordFrameIntervals = True
27.5304 	EXP 	window1: recordFrameIntervals = False
27.8318 	EXP 	Created beginning = TextStim(alignHoriz='center', alignVert='center', antialias=True, autoLog=True, bold=False, color='white', colorSpace='named', contrast=1.0, depth=0.0, flipHoriz=False, flipVert=False, font='Arial', fontFiles=[], height=0.1, italic=False, name='beginning', opacity=1.0, ori=0, pos=array([ 0.,  0.]), rgb=array([ 255.,  255.,  255.]), text=unicode(...), units=u'norm', win=Window(...), wrapWidth=1)
27.8390 	EXP 	Created sample_1 = TextStim(alignHoriz='center', alignVert='center', antialias=True, autoLog=True, bold=False, color='white', colorSpace='named', contrast=1.0, depth=-1.0, flipHoriz=False, flipVert=False, font='Arial', fontFiles=[], height=0.1, italic=False, name='sample_1', opacity=1.0, ori=0, pos=array([ 0.,  0.]), rgb=array([ 255.,  255.,  255.]), text=u'A cow is an animal.', units=u'norm', win=Window(...), wrapWidth=1)
28.0402 	EXP 	Created Yes = ImageStim(autoLog=True, color=array([ 1.,  1.,  1.]), colorSpace='rgb', contrast=1.0, depth=-2.0, flipHoriz=False, flipVert=False, image='Yes.jpg', interpolate=True, mask=None, maskParams=None, name='Yes', opacity=1.0, ori=0.0, pos=array([-0.11, -0.5 ]), size=array([ 0.2,  0.2]), texRes=128, units=u'norm', win=Window(...))
28.0461 	EXP 	Created No = ImageStim(autoLog=True, color=array([ 1.,  1.,  1.]), colorSpace='rgb', contrast=1.0, depth=-3.0, flipHoriz=False, flipVert=False, image='No.jpg', interpolate=True, mask=None, maskParams=None, name='No', opacity=1.0, ori=0.0, pos=array([ 0.1, -0.5]), size=array([ 0.2,  0.2]), texRes=128, units=u'norm', win=Window(...))
28.0768 	EXP 	Created unnamed ShapeStim = ShapeStim(autoDraw=False, autoLog=True, closeShape=True, contrast=1.0, depth=0, fillColor=None, fillColorSpace='rgb', interpolate=True, lineColor='white', lineColorSpace='named', lineWidth=1.5, name='unnamed ShapeStim', opacity=1.0, ori=array(0.0), pos=array([ 0.,  0.]), size=array([ 1.,  1.]), units=u'norm', vertices=ndarray(...), win=Window(...), windingRule=None)
28.0788 	EXP 	Created unnamed ShapeStim = ShapeStim(autoDraw=False, autoLog=True, closeShape=True, contrast=1.0, depth=0, fillColor=None, fillColorSpace='rgb', interpolate=True, lineColor='white', lineColorSpace='named', lineWidth=1.5, name='unnamed ShapeStim', opacity=1.0, ori=array(0.0), pos=array([ 0.,  0.]), size=array([ 1.,  1.]), units=u'norm', vertices=ndarray(...), win=Window(...), windingRule=None)
28.1168 	EXP 	Created practice_instructions = TextStim(alignHoriz='center', alignVert='center', antialias=True, autoLog=True, bold=False, color='white', colorSpace='named', contrast=1.0, depth=0.0, flipHoriz=False, flipVert=False, font='Arial', fontFiles=[], height=0.1, italic=False, name='practice_instructions', opacity=1.0, ori=0, pos=array([ 0.,  0.]), rgb=array([ 255.,  255.,  255.]), text=unicode(...), units=u'norm', win=Window(...), wrapWidth=1)
28.2066 	EXP 	Created text = TextStim(alignHoriz='center', alignVert='center', antialias=True, autoLog=True, bold=False, color='white', colorSpace='named', contrast=1.0, depth=0.0, flipHoriz=False, flipVert=False, font='Arial', fontFiles=[], height=0.1, italic=False, name='text', opacity=1.0, ori=0, pos=array([ 0.,  0.]), rgb=array([ 255.,  255.,  255.]), text=unicode(...), units=u'norm', win=Window(...), wrapWidth=1)
28.2136 	EXP 	Created text_2 = TextStim(alignHoriz='center', alignVert='center', antialias=True, autoLog=True, bold=False, color='white', colorSpace='named', contrast=1.0, depth=0.0, flipHoriz=False, flipVert=False, font='Arial', fontFiles=[], height=0.1, italic=False, name='text_2', opacity=1.0, ori=0, pos=array([ 0.,  0.]), rgb=array([ 255.,  255.,  255.]), text=u'Press the spacebar to begin.', units=u'norm', win=Window(...), wrapWidth=1)
28.2234 	EXP 	Created text_3 = TextStim(alignHoriz='center', alignVert='center', antialias=True, autoLog=True, bold=False, color='white', colorSpace='named', contrast=1.0, depth=0.0, flipHoriz=False, flipVert=False, font='Arial', fontFiles=[], height=0.1, italic=False, name='text_3', opacity=1.0, ori=0, pos=array([ 0.,  0.]), rgb=array([ 255.,  255.,  255.]), text=u'default text', units=u'norm', win=Window(...), wrapWidth=1)
28.2364 	EXP 	Created Yes1 = ImageStim(autoLog=True, color=array([ 1.,  1.,  1.]), colorSpace='rgb', contrast=1.0, depth=-2.0, flipHoriz=False, flipVert=False, image='Yes1.jpg', interpolate=True, mask=None, maskParams=None, name='Yes1', opacity=1.0, ori=0.0, pos=array([-0.11, -0.5 ]), size=array([ 0.2,  0.2]), texRes=128, units=u'norm', win=Window(...))
28.2432 	EXP 	Created No1 = ImageStim(autoLog=True, color=array([ 1.,  1.,  1.]), colorSpace='rgb', contrast=1.0, depth=-3.0, flipHoriz=False, flipVert=False, image='No1.jpg', interpolate=True, mask=None, maskParams=None, name='No1', opacity=1.0, ori=0.0, pos=array([ 0.1, -0.5]), size=array([ 0.2,  0.2]), texRes=128, units=u'norm', win=Window(...))
28.2460 	EXP 	Created unnamed ShapeStim = ShapeStim(autoDraw=False, autoLog=True, closeShape=True, contrast=1.0, depth=0, fillColor=None, fillColorSpace='rgb', interpolate=True, lineColor='white', lineColorSpace='named', lineWidth=1.5, name='unnamed ShapeStim', opacity=1.0, ori=array(0.0), pos=array([ 0.,  0.]), size=array([ 1.,  1.]), units=u'norm', vertices=ndarray(...), win=Window(...), windingRule=None)
28.2483 	EXP 	Created unnamed ShapeStim = ShapeStim(autoDraw=False, autoLog=True, closeShape=True, contrast=1.0, depth=0, fillColor=None, fillColorSpace='rgb', interpolate=True, lineColor='white', lineColorSpace='named', lineWidth=1.5, name='unnamed ShapeStim', opacity=1.0, ori=array(0.0), pos=array([ 0.,  0.]), size=array([ 1.,  1.]), units=u'norm', vertices=ndarray(...), win=Window(...), windingRule=None)
28.2551 	EXP 	Created End = ImageStim(autoLog=True, color=array([ 1.,  1.,  1.]), colorSpace='rgb', contrast=1.0, depth=-2.0, flipHoriz=False, flipVert=False, image='End.jpg', interpolate=True, mask=None, maskParams=None, name='End', opacity=1.0, ori=0.0, pos=array([ 0.7, -0.6]), size=array([ 0.2,  0.2]), texRes=128, units=u'norm', win=Window(...))
28.2652 	EXP 	Created end = TextStim(alignHoriz='center', alignVert='center', antialias=True, autoLog=True, bold=False, color='white', colorSpace='named', contrast=1.0, depth=0.0, flipHoriz=False, flipVert=False, font='Arial', fontFiles=[], height=0.1, italic=False, name='end', opacity=1.0, ori=0, pos=array([ 0.,  0.]), rgb=array([ 255.,  255.,  255.]), text=u'The exam has now ended. Thank You', units=u'norm', win=Window(...), wrapWidth=1)
28.2801 	EXP 	beginning: autoDraw = True
33.2806 	EXP 	beginning: autoDraw = False
33.2974 	EXP 	sample_1: autoDraw = True
33.2974 	EXP 	Yes: autoDraw = True
33.2974 	EXP 	No: autoDraw = True
46.1834 	DATA 	Mouse: Left button down, pos=(785,248)
46.2997 	DATA 	Mouse:  Left button up, pos=(785,246)
47.2996 	DATA 	Mouse: Left button down, pos=(831,225)
47.3997 	DATA 	Mouse:  Left button up, pos=(831,225)
47.9329 	DATA 	Mouse: Left button down, pos=(829,264)
47.9487 	EXP 	beginning: autoDraw = False
47.9487 	EXP 	sample_1: autoDraw = False
47.9487 	EXP 	Yes: autoDraw = False
47.9487 	EXP 	No: autoDraw = False
47.9487 	EXP 	practice_instructions: autoDraw = True
48.0331 	DATA 	Mouse:  Left button up, pos=(829,264)
48.8536 	DATA 	Keypress: space
48.8657 	EXP 	practice_instructions: autoDraw = False
48.8657 	EXP 	text: autoDraw = True
53.8661 	EXP 	text: autoDraw = False
53.8661 	EXP 	text: autoDraw = False
53.8661 	EXP 	text_2: autoDraw = True
55.3520 	DATA 	Keypress: space
55.3867 	EXP 	Imported reading_fluency_data.xlsx as conditions, 98 conditions, 2 params
55.3875 	EXP 	Created sequence: sequential, trialTypes=98, nReps=98, seed=None
55.3885 	EXP 	New trial (rep=0, index=0): {u'answer': u'Y', u'sentence': u'A bird can fly.'}
55.4161 	EXP 	text_2: autoDraw = False
55.4161 	EXP 	text_3: text = u'A bird can fly.'
55.4161 	EXP 	text_3: autoDraw = True
55.4161 	EXP 	End: autoDraw = True
55.4161 	EXP 	Yes1: autoDraw = True
55.4161 	EXP 	No1: autoDraw = True
56.2362 	DATA 	Mouse: Left button down, pos=(667,209)
56.3841 	DATA 	Mouse:  Left button up, pos=(667,209)
60.3686 	EXP 	New trial (rep=0, index=1): {u'answer': u'N', u'sentence': u'Cats have five legs.'}
60.4002 	EXP 	text_3: autoDraw = False
60.4002 	EXP 	text_3: text = u'Cats have five legs.'
60.4002 	EXP 	text_3: autoDraw = True
61.0514 	DATA 	Mouse: Left button down, pos=(803,205)
61.2012 	DATA 	Mouse:  Left button up, pos=(803,205)
65.3687 	EXP 	New trial (rep=0, index=2): {u'answer': u'Y', u'sentence': u'Some people have long hair'}
65.4006 	EXP 	text_3: autoDraw = False
65.4006 	EXP 	text_3: text = u'Some people have long hair'
65.4006 	EXP 	text_3: autoDraw = True
66.0015 	DATA 	Mouse: Left button down, pos=(653,216)
66.1519 	DATA 	Mouse:  Left button up, pos=(652,216)
70.3696 	EXP 	New trial (rep=0, index=3): {u'answer': u'Y', u'sentence': u'People have teeth.'}
70.4011 	EXP 	text_3: autoDraw = False
70.4011 	EXP 	text_3: text = u'People have teeth.'
70.4011 	EXP 	text_3: autoDraw = True
72.7859 	DATA 	Mouse: Left button down, pos=(622,226)
72.9356 	DATA 	Mouse:  Left button up, pos=(622,227)
75.3701 	EXP 	New trial (rep=0, index=4): {u'answer': u'N', u'sentence': u'The sky is always brown and yellow.'}
75.4016 	EXP 	text_3: autoDraw = False
75.4016 	EXP 	text_3: text = u'The sky is always brown and yellow.'
75.4016 	EXP 	text_3: autoDraw = True
77.7362 	DATA 	Mouse: Left button down, pos=(786,216)
77.9362 	DATA 	Mouse:  Left button up, pos=(786,216)
78.8375 	DATA 	Keypress: escape
