39.4335 	EXP 	Created window1 = Window(allowGUI=False, allowStencil=False, autoLog=True, bitsMode=UNKNOWN, blendMode='avg', color=array([ 0.,  0.,  0.]), colorSpace='rgb', fullscr=UNKNOWN, gamma=None, lms=UNKNOWN, monitor=<psychopy.monitors.calibTools.Monitor object at 0x110d67490>, name='window1', pos=[0, 0], screen=0, size=array([1440,  900]), stereo=False, units=u'norm', useFBO=True, useRetina=False, viewOri=0.0, viewPos=None, viewScale=None, waitBlanking=True, winType='pyglet')
39.4336 	EXP 	window1: recordFrameIntervals = False
39.5992 	EXP 	window1: recordFrameIntervals = True
39.7827 	EXP 	window1: recordFrameIntervals = False
40.1665 	EXP 	Created beginning = TextStim(alignHoriz='center', alignVert='center', antialias=True, autoLog=True, bold=False, color='white', colorSpace='named', contrast=1.0, depth=0.0, flipHoriz=False, flipVert=False, font='Arial', fontFiles=[], height=0.1, italic=False, name='beginning', opacity=1.0, ori=0, pos=array([ 0.,  0.]), rgb=array([ 255.,  255.,  255.]), text=unicode(...), units=u'norm', win=Window(...), wrapWidth=1)
40.1746 	EXP 	Created sample_1 = TextStim(alignHoriz='center', alignVert='center', antialias=True, autoLog=True, bold=False, color='white', colorSpace='named', contrast=1.0, depth=-1.0, flipHoriz=False, flipVert=False, font='Arial', fontFiles=[], height=0.1, italic=False, name='sample_1', opacity=1.0, ori=0, pos=array([ 0.,  0.]), rgb=array([ 255.,  255.,  255.]), text=u'A cow is an animal.', units=u'norm', win=Window(...), wrapWidth=1)
40.3577 	EXP 	Created Yes = ImageStim(autoLog=True, color=array([ 1.,  1.,  1.]), colorSpace='rgb', contrast=1.0, depth=-2.0, flipHoriz=False, flipVert=False, image='Yes.jpg', interpolate=True, mask=None, maskParams=None, name='Yes', opacity=1.0, ori=0.0, pos=array([-0.11, -0.5 ]), size=array([ 0.2,  0.2]), texRes=128, units=u'norm', win=Window(...))
40.3637 	EXP 	Created No = ImageStim(autoLog=True, color=array([ 1.,  1.,  1.]), colorSpace='rgb', contrast=1.0, depth=-3.0, flipHoriz=False, flipVert=False, image='No.jpg', interpolate=True, mask=None, maskParams=None, name='No', opacity=1.0, ori=0.0, pos=array([ 0.1, -0.5]), size=array([ 0.2,  0.2]), texRes=128, units=u'norm', win=Window(...))
40.3966 	EXP 	Created unnamed ShapeStim = ShapeStim(autoDraw=False, autoLog=True, closeShape=True, contrast=1.0, depth=0, fillColor=None, fillColorSpace='rgb', interpolate=True, lineColor='white', lineColorSpace='named', lineWidth=1.5, name='unnamed ShapeStim', opacity=1.0, ori=array(0.0), pos=array([ 0.,  0.]), size=array([ 1.,  1.]), units=u'norm', vertices=ndarray(...), win=Window(...), windingRule=None)
40.3982 	EXP 	Created unnamed ShapeStim = ShapeStim(autoDraw=False, autoLog=True, closeShape=True, contrast=1.0, depth=0, fillColor=None, fillColorSpace='rgb', interpolate=True, lineColor='white', lineColorSpace='named', lineWidth=1.5, name='unnamed ShapeStim', opacity=1.0, ori=array(0.0), pos=array([ 0.,  0.]), size=array([ 1.,  1.]), units=u'norm', vertices=ndarray(...), win=Window(...), windingRule=None)
40.4421 	EXP 	Created practice_instructions = TextStim(alignHoriz='center', alignVert='center', antialias=True, autoLog=True, bold=False, color='white', colorSpace='named', contrast=1.0, depth=0.0, flipHoriz=False, flipVert=False, font='Arial', fontFiles=[], height=0.1, italic=False, name='practice_instructions', opacity=1.0, ori=0, pos=array([ 0.,  0.]), rgb=array([ 255.,  255.,  255.]), text=unicode(...), units=u'norm', win=Window(...), wrapWidth=1)
40.5205 	EXP 	Created text = TextStim(alignHoriz='center', alignVert='center', antialias=True, autoLog=True, bold=False, color='white', colorSpace='named', contrast=1.0, depth=0.0, flipHoriz=False, flipVert=False, font='Arial', fontFiles=[], height=0.1, italic=False, name='text', opacity=1.0, ori=0, pos=array([ 0.,  0.]), rgb=array([ 255.,  255.,  255.]), text=unicode(...), units=u'norm', win=Window(...), wrapWidth=1)
40.5272 	EXP 	Created text_2 = TextStim(alignHoriz='center', alignVert='center', antialias=True, autoLog=True, bold=False, color='white', colorSpace='named', contrast=1.0, depth=0.0, flipHoriz=False, flipVert=False, font='Arial', fontFiles=[], height=0.1, italic=False, name='text_2', opacity=1.0, ori=0, pos=array([ 0.,  0.]), rgb=array([ 255.,  255.,  255.]), text=u'Press the spacebar to begin.', units=u'norm', win=Window(...), wrapWidth=1)
40.5327 	EXP 	Created text_3 = TextStim(alignHoriz='center', alignVert='center', antialias=True, autoLog=True, bold=False, color='white', colorSpace='named', contrast=1.0, depth=0.0, flipHoriz=False, flipVert=False, font='Arial', fontFiles=[], height=0.1, italic=False, name='text_3', opacity=1.0, ori=0, pos=array([ 0.,  0.]), rgb=array([ 255.,  255.,  255.]), text=u'default text', units=u'norm', win=Window(...), wrapWidth=1)
40.5363 	EXP 	Created End = ImageStim(autoLog=True, color=array([ 1.,  1.,  1.]), colorSpace='rgb', contrast=1.0, depth=-2.0, flipHoriz=False, flipVert=False, image='End.jpg', interpolate=True, mask=None, maskParams=None, name='End', opacity=1.0, ori=0.0, pos=array([ 0.9, -0.5]), size=array([ 0.3,  0.3]), texRes=128, units=u'norm', win=Window(...))
40.5435 	EXP 	Created end = TextStim(alignHoriz='center', alignVert='center', antialias=True, autoLog=True, bold=False, color='white', colorSpace='named', contrast=1.0, depth=0.0, flipHoriz=False, flipVert=False, font='Arial', fontFiles=[], height=0.1, italic=False, name='end', opacity=1.0, ori=0, pos=array([ 0.,  0.]), rgb=array([ 255.,  255.,  255.]), text=u'The exam has now ended. Thank You', units=u'norm', win=Window(...), wrapWidth=1)
40.5659 	EXP 	beginning: autoDraw = True
41.7710 	DATA 	Keypress: space
42.2522 	DATA 	Keypress: l
42.6681 	DATA 	Keypress: l
42.9688 	DATA 	Keypress: a
43.2020 	DATA 	Keypress: l
43.3688 	DATA 	Keypress: s
43.8523 	DATA 	Keypress: d
44.0685 	DATA 	Keypress: n
44.3190 	DATA 	Keypress: s
44.4689 	DATA 	Keypress: l
44.7200 	DATA 	Keypress: a
45.5502 	EXP 	beginning: autoDraw = False
45.5668 	EXP 	sample_1: autoDraw = True
45.5668 	EXP 	Yes: autoDraw = True
45.5668 	EXP 	No: autoDraw = True
47.3722 	DATA 	Mouse: Left button down, pos=(774,228)
47.5176 	DATA 	Mouse:  Left button up, pos=(774,228)
48.0180 	DATA 	Mouse: Left button down, pos=(818,231)
48.1177 	DATA 	Mouse:  Left button up, pos=(818,231)
48.9514 	DATA 	Mouse: Left button down, pos=(763,249)
48.9669 	EXP 	beginning: autoDraw = False
48.9669 	EXP 	sample_1: autoDraw = False
48.9669 	EXP 	Yes: autoDraw = False
48.9669 	EXP 	No: autoDraw = False
48.9669 	EXP 	practice_instructions: autoDraw = True
49.0680 	DATA 	Mouse:  Left button up, pos=(763,249)
57.5704 	DATA 	Keypress: space
57.5847 	EXP 	practice_instructions: autoDraw = False
57.5847 	EXP 	text: autoDraw = True
62.5853 	EXP 	text: autoDraw = False
62.5853 	EXP 	text: autoDraw = False
62.5853 	EXP 	text_2: autoDraw = True
64.1049 	DATA 	Keypress: space
64.1514 	EXP 	Imported reading_fluency_data.xlsx as conditions, 98 conditions, 3 params
64.1521 	EXP 	Created sequence: sequential, trialTypes=98, nReps=98, seed=None
64.1529 	EXP 	New trial (rep=0, index=0): {u'answer': u'Y', u'input': None, u'sentence': u'A bird can fly.'}
64.1688 	EXP 	text_2: autoDraw = False
64.1688 	EXP 	text_3: autoDraw = True
64.1688 	EXP 	End: autoDraw = True
65.7868 	DATA 	Mouse: Left button down, pos=(1337,223)
65.9359 	DATA 	Mouse:  Left button up, pos=(1337,223)
66.2200 	DATA 	Mouse: Left button down, pos=(844,304)
66.3527 	DATA 	Mouse:  Left button up, pos=(842,305)
66.8210 	DATA 	Keypress: space
67.2712 	DATA 	Keypress: space
67.6900 	DATA 	Keypress: apostrophe
67.9210 	DATA 	Keypress: return
68.1376 	DATA 	Keypress: return
68.7707 	DATA 	Keypress: escape
39.4335 	EXP 	Created window1 = Window(allowGUI=False, allowStencil=False, autoLog=True, bitsMode=UNKNOWN, blendMode='avg', color=array([ 0.,  0.,  0.]), colorSpace='rgb', fullscr=UNKNOWN, gamma=None, lms=UNKNOWN, monitor=<psychopy.monitors.calibTools.Monitor object at 0x110d67490>, name='window1', pos=[0, 0], screen=0, size=array([1440,  900]), stereo=False, units=u'norm', useFBO=True, useRetina=False, viewOri=0.0, viewPos=None, viewScale=None, waitBlanking=True, winType='pyglet')
39.4336 	EXP 	window1: recordFrameIntervals = False
39.5992 	EXP 	window1: recordFrameIntervals = True
39.7827 	EXP 	window1: recordFrameIntervals = False
40.1665 	EXP 	Created beginning = TextStim(alignHoriz='center', alignVert='center', antialias=True, autoLog=True, bold=False, color='white', colorSpace='named', contrast=1.0, depth=0.0, flipHoriz=False, flipVert=False, font='Arial', fontFiles=[], height=0.1, italic=False, name='beginning', opacity=1.0, ori=0, pos=array([ 0.,  0.]), rgb=array([ 255.,  255.,  255.]), text=unicode(...), units=u'norm', win=Window(...), wrapWidth=1)
40.1746 	EXP 	Created sample_1 = TextStim(alignHoriz='center', alignVert='center', antialias=True, autoLog=True, bold=False, color='white', colorSpace='named', contrast=1.0, depth=-1.0, flipHoriz=False, flipVert=False, font='Arial', fontFiles=[], height=0.1, italic=False, name='sample_1', opacity=1.0, ori=0, pos=array([ 0.,  0.]), rgb=array([ 255.,  255.,  255.]), text=u'A cow is an animal.', units=u'norm', win=Window(...), wrapWidth=1)
40.3577 	EXP 	Created Yes = ImageStim(autoLog=True, color=array([ 1.,  1.,  1.]), colorSpace='rgb', contrast=1.0, depth=-2.0, flipHoriz=False, flipVert=False, image='Yes.jpg', interpolate=True, mask=None, maskParams=None, name='Yes', opacity=1.0, ori=0.0, pos=array([-0.11, -0.5 ]), size=array([ 0.2,  0.2]), texRes=128, units=u'norm', win=Window(...))
40.3637 	EXP 	Created No = ImageStim(autoLog=True, color=array([ 1.,  1.,  1.]), colorSpace='rgb', contrast=1.0, depth=-3.0, flipHoriz=False, flipVert=False, image='No.jpg', interpolate=True, mask=None, maskParams=None, name='No', opacity=1.0, ori=0.0, pos=array([ 0.1, -0.5]), size=array([ 0.2,  0.2]), texRes=128, units=u'norm', win=Window(...))
40.3966 	EXP 	Created unnamed ShapeStim = ShapeStim(autoDraw=False, autoLog=True, closeShape=True, contrast=1.0, depth=0, fillColor=None, fillColorSpace='rgb', interpolate=True, lineColor='white', lineColorSpace='named', lineWidth=1.5, name='unnamed ShapeStim', opacity=1.0, ori=array(0.0), pos=array([ 0.,  0.]), size=array([ 1.,  1.]), units=u'norm', vertices=ndarray(...), win=Window(...), windingRule=None)
40.3982 	EXP 	Created unnamed ShapeStim = ShapeStim(autoDraw=False, autoLog=True, closeShape=True, contrast=1.0, depth=0, fillColor=None, fillColorSpace='rgb', interpolate=True, lineColor='white', lineColorSpace='named', lineWidth=1.5, name='unnamed ShapeStim', opacity=1.0, ori=array(0.0), pos=array([ 0.,  0.]), size=array([ 1.,  1.]), units=u'norm', vertices=ndarray(...), win=Window(...), windingRule=None)
40.4421 	EXP 	Created practice_instructions = TextStim(alignHoriz='center', alignVert='center', antialias=True, autoLog=True, bold=False, color='white', colorSpace='named', contrast=1.0, depth=0.0, flipHoriz=False, flipVert=False, font='Arial', fontFiles=[], height=0.1, italic=False, name='practice_instructions', opacity=1.0, ori=0, pos=array([ 0.,  0.]), rgb=array([ 255.,  255.,  255.]), text=unicode(...), units=u'norm', win=Window(...), wrapWidth=1)
40.5205 	EXP 	Created text = TextStim(alignHoriz='center', alignVert='center', antialias=True, autoLog=True, bold=False, color='white', colorSpace='named', contrast=1.0, depth=0.0, flipHoriz=False, flipVert=False, font='Arial', fontFiles=[], height=0.1, italic=False, name='text', opacity=1.0, ori=0, pos=array([ 0.,  0.]), rgb=array([ 255.,  255.,  255.]), text=unicode(...), units=u'norm', win=Window(...), wrapWidth=1)
40.5272 	EXP 	Created text_2 = TextStim(alignHoriz='center', alignVert='center', antialias=True, autoLog=True, bold=False, color='white', colorSpace='named', contrast=1.0, depth=0.0, flipHoriz=False, flipVert=False, font='Arial', fontFiles=[], height=0.1, italic=False, name='text_2', opacity=1.0, ori=0, pos=array([ 0.,  0.]), rgb=array([ 255.,  255.,  255.]), text=u'Press the spacebar to begin.', units=u'norm', win=Window(...), wrapWidth=1)
40.5327 	EXP 	Created text_3 = TextStim(alignHoriz='center', alignVert='center', antialias=True, autoLog=True, bold=False, color='white', colorSpace='named', contrast=1.0, depth=0.0, flipHoriz=False, flipVert=False, font='Arial', fontFiles=[], height=0.1, italic=False, name='text_3', opacity=1.0, ori=0, pos=array([ 0.,  0.]), rgb=array([ 255.,  255.,  255.]), text=u'default text', units=u'norm', win=Window(...), wrapWidth=1)
40.5363 	EXP 	Created End = ImageStim(autoLog=True, color=array([ 1.,  1.,  1.]), colorSpace='rgb', contrast=1.0, depth=-2.0, flipHoriz=False, flipVert=False, image='End.jpg', interpolate=True, mask=None, maskParams=None, name='End', opacity=1.0, ori=0.0, pos=array([ 0.9, -0.5]), size=array([ 0.3,  0.3]), texRes=128, units=u'norm', win=Window(...))
40.5435 	EXP 	Created end = TextStim(alignHoriz='center', alignVert='center', antialias=True, autoLog=True, bold=False, color='white', colorSpace='named', contrast=1.0, depth=0.0, flipHoriz=False, flipVert=False, font='Arial', fontFiles=[], height=0.1, italic=False, name='end', opacity=1.0, ori=0, pos=array([ 0.,  0.]), rgb=array([ 255.,  255.,  255.]), text=u'The exam has now ended. Thank You', units=u'norm', win=Window(...), wrapWidth=1)
40.5659 	EXP 	beginning: autoDraw = True
41.7710 	DATA 	Keypress: space
42.2522 	DATA 	Keypress: l
42.6681 	DATA 	Keypress: l
42.9688 	DATA 	Keypress: a
43.2020 	DATA 	Keypress: l
43.3688 	DATA 	Keypress: s
43.8523 	DATA 	Keypress: d
44.0685 	DATA 	Keypress: n
44.3190 	DATA 	Keypress: s
44.4689 	DATA 	Keypress: l
44.7200 	DATA 	Keypress: a
45.5502 	EXP 	beginning: autoDraw = False
45.5668 	EXP 	sample_1: autoDraw = True
45.5668 	EXP 	Yes: autoDraw = True
45.5668 	EXP 	No: autoDraw = True
47.3722 	DATA 	Mouse: Left button down, pos=(774,228)
47.5176 	DATA 	Mouse:  Left button up, pos=(774,228)
48.0180 	DATA 	Mouse: Left button down, pos=(818,231)
48.1177 	DATA 	Mouse:  Left button up, pos=(818,231)
48.9514 	DATA 	Mouse: Left button down, pos=(763,249)
48.9669 	EXP 	beginning: autoDraw = False
48.9669 	EXP 	sample_1: autoDraw = False
48.9669 	EXP 	Yes: autoDraw = False
48.9669 	EXP 	No: autoDraw = False
48.9669 	EXP 	practice_instructions: autoDraw = True
49.0680 	DATA 	Mouse:  Left button up, pos=(763,249)
57.5704 	DATA 	Keypress: space
57.5847 	EXP 	practice_instructions: autoDraw = False
57.5847 	EXP 	text: autoDraw = True
62.5853 	EXP 	text: autoDraw = False
62.5853 	EXP 	text: autoDraw = False
62.5853 	EXP 	text_2: autoDraw = True
64.1049 	DATA 	Keypress: space
64.1514 	EXP 	Imported reading_fluency_data.xlsx as conditions, 98 conditions, 3 params
64.1521 	EXP 	Created sequence: sequential, trialTypes=98, nReps=98, seed=None
64.1529 	EXP 	New trial (rep=0, index=0): {u'answer': u'Y', u'input': None, u'sentence': u'A bird can fly.'}
64.1688 	EXP 	text_2: autoDraw = False
64.1688 	EXP 	text_3: autoDraw = True
64.1688 	EXP 	End: autoDraw = True
65.7868 	DATA 	Mouse: Left button down, pos=(1337,223)
65.9359 	DATA 	Mouse:  Left button up, pos=(1337,223)
66.2200 	DATA 	Mouse: Left button down, pos=(844,304)
66.3527 	DATA 	Mouse:  Left button up, pos=(842,305)
66.8210 	DATA 	Keypress: space
67.2712 	DATA 	Keypress: space
67.6900 	DATA 	Keypress: apostrophe
67.9210 	DATA 	Keypress: return
68.1376 	DATA 	Keypress: return
68.7707 	DATA 	Keypress: escape
